<?xml version="1.0" encoding="UTF-8" ?>
<testsuite tests="5" failures="0" name="de.butzlabben.world.data.TestWorldDatabase" time="0.092" errors="0" skipped="0">
  <properties>
[...]
</properties>
  <testcase classname="de.butzlabben.world.data.TestWorldDatabase" name="de.butzlabben.world.data.TestWorldDatabase.testDatabaseInitalizationFromNoFile" time="0.072"/>
  <testcase classname="de.butzlabben.world.data.TestWorldDatabase" name="de.butzlabben.world.data.TestWorldDatabase.testDatabaseInitalizationFromNoFile2" time="0.001"/>
  <testcase classname="de.butzlabben.world.data.TestWorldDatabase" name="de.butzlabben.world.data.TestWorldDatabase.testDatabaseInitalizationCreateValidFile" time="0.015"/>
  <testcase classname="de.butzlabben.world.data.TestWorldDatabase" name="de.butzlabben.world.data.TestWorldDatabase.testDatabaseInitalizationWithExistingEmptyFile" time="0.002"/>
  <testcase classname="de.butzlabben.world.data.TestWorldDatabase" name="de.butzlabben.world.data.TestWorldDatabase.testDatabaseInitalizationWithPopulatedEmptyFile" time="0.002"/>
</testsuite>